<?xml version="1.0" encoding="UTF-8"?>
<testng-results skipped="0" failed="1" ignored="0" total="1" passed="0">
  <reporter-output>
  </reporter-output>
  <suite name="Default suite" duration-ms="11032" started-at="2019-10-13T19:50:59Z" finished-at="2019-10-13T19:51:10Z">
    <groups>
    </groups>
    <test name="Default test" duration-ms="11032" started-at="2019-10-13T19:50:59Z" finished-at="2019-10-13T19:51:10Z">
      <class name="com.automationpractice.user_registration.UserRegistration">
        <test-method status="PASS" signature="initializeReporter()[pri:0, instance:com.automationpractice.user_registration.UserRegistration@e45f292]" name="initializeReporter" is-config="true" duration-ms="221" started-at="2019-10-13T19:50:59Z" finished-at="2019-10-13T19:50:59Z">
          <reporter-output>
          </reporter-output>
        </test-method> <!-- initializeReporter -->
        <test-method status="PASS" signature="init()[pri:0, instance:com.automationpractice.user_registration.UserRegistration@e45f292]" name="init" is-config="true" duration-ms="4745" started-at="2019-10-13T19:50:59Z" finished-at="2019-10-13T19:51:04Z">
          <reporter-output>
          </reporter-output>
        </test-method> <!-- init -->
        <test-method status="FAIL" signature="userRegistration()[pri:0, instance:com.automationpractice.user_registration.UserRegistration@e45f292]" name="userRegistration" duration-ms="6252" started-at="2019-10-13T19:51:04Z" finished-at="2019-10-13T19:51:10Z">
          <exception class="java.lang.AssertionError">
            <message>
              <![CDATA[expected [Createanaccount] but found [Create an account ]]]>
            </message>
            <full-stacktrace>
              <![CDATA[java.lang.AssertionError: expected [Createanaccount] but found [Create an account ]
at org.testng.Assert.fail(Assert.java:96)
at org.testng.Assert.failNotEquals(Assert.java:776)
at org.testng.Assert.assertEqualsImpl(Assert.java:137)
at org.testng.Assert.assertEquals(Assert.java:118)
at org.testng.Assert.assertEquals(Assert.java:453)
at org.testng.Assert.assertEquals(Assert.java:463)
at com.automationpractice.user_registration.UserRegistration.userRegistration(UserRegistration.java:41)
at sun.reflect.NativeMethodAccessorImpl.invoke0(Native Method)
at sun.reflect.NativeMethodAccessorImpl.invoke(Unknown Source)
at sun.reflect.DelegatingMethodAccessorImpl.invoke(Unknown Source)
at java.lang.reflect.Method.invoke(Unknown Source)
at org.testng.internal.MethodInvocationHelper.invokeMethod(MethodInvocationHelper.java:124)
at org.testng.internal.Invoker.invokeMethod(Invoker.java:583)
at org.testng.internal.Invoker.invokeTestMethod(Invoker.java:719)
at org.testng.internal.Invoker.invokeTestMethods(Invoker.java:989)
at org.testng.internal.TestMethodWorker.invokeTestMethods(TestMethodWorker.java:125)
at org.testng.internal.TestMethodWorker.run(TestMethodWorker.java:109)
at org.testng.TestRunner.privateRun(TestRunner.java:648)
at org.testng.TestRunner.run(TestRunner.java:505)
at org.testng.SuiteRunner.runTest(SuiteRunner.java:455)
at org.testng.SuiteRunner.runSequentially(SuiteRunner.java:450)
at org.testng.SuiteRunner.privateRun(SuiteRunner.java:415)
at org.testng.SuiteRunner.run(SuiteRunner.java:364)
at org.testng.SuiteRunnerWorker.runSuite(SuiteRunnerWorker.java:52)
at org.testng.SuiteRunnerWorker.run(SuiteRunnerWorker.java:84)
at org.testng.TestNG.runSuitesSequentially(TestNG.java:1208)
at org.testng.TestNG.runSuitesLocally(TestNG.java:1137)
at org.testng.TestNG.runSuites(TestNG.java:1049)
at org.testng.TestNG.run(TestNG.java:1017)
at org.testng.remote.AbstractRemoteTestNG.run(AbstractRemoteTestNG.java:115)
at org.testng.remote.RemoteTestNG.initAndRun(RemoteTestNG.java:251)
at org.testng.remote.RemoteTestNG.main(RemoteTestNG.java:77)
]]>
            </full-stacktrace>
          </exception> <!-- java.lang.AssertionError -->
          <reporter-output>
          </reporter-output>
        </test-method> <!-- userRegistration -->
        <test-method status="PASS" signature="saveReport()[pri:0, instance:com.automationpractice.user_registration.UserRegistration@e45f292]" name="saveReport" is-config="true" duration-ms="1" started-at="2019-10-13T19:51:10Z" finished-at="2019-10-13T19:51:10Z">
          <reporter-output>
          </reporter-output>
        </test-method> <!-- saveReport -->
        <test-method status="PASS" signature="closeBrowser()[pri:0, instance:com.automationpractice.user_registration.UserRegistration@e45f292]" name="closeBrowser" is-config="true" duration-ms="0" started-at="2019-10-13T19:51:10Z" finished-at="2019-10-13T19:51:10Z">
          <reporter-output>
          </reporter-output>
        </test-method> <!-- closeBrowser -->
      </class> <!-- com.automationpractice.user_registration.UserRegistration -->
    </test> <!-- Default test -->
  </suite> <!-- Default suite -->
</testng-results>
